<?xml version="1.0" encoding="UTF-8" ?>
<testsuite failures="0" time="0.056" errors="0" skipped="0" tests="1" name="com.knapptech.modelbuilder.TestExistingClassParser">
  <properties>
    <property name="java.runtime.name" value="Java(TM) SE Runtime Environment"/>
    <property name="sun.boot.library.path" value="C:\Program Files\Java\jdk1.6.0_24\jre\bin"/>
    <property name="java.vm.version" value="19.1-b02"/>
    <property name="java.vm.vendor" value="Sun Microsystems Inc."/>
    <property name="java.vendor.url" value="http://java.sun.com/"/>
    <property name="path.separator" value=";"/>
    <property name="java.vm.name" value="Java HotSpot(TM) 64-Bit Server VM"/>
    <property name="file.encoding.pkg" value="sun.io"/>
    <property name="user.country" value="US"/>
    <property name="sun.java.launcher" value="SUN_STANDARD"/>
    <property name="sun.os.patch.level" value="Service Pack 1"/>
    <property name="java.vm.specification.name" value="Java Virtual Machine Specification"/>
    <property name="user.dir" value="C:\Users\michael\workspace_web\ModelBuilder"/>
    <property name="java.runtime.version" value="1.6.0_24-b07"/>
    <property name="java.awt.graphicsenv" value="sun.awt.Win32GraphicsEnvironment"/>
    <property name="basedir" value="C:\Users\michael\workspace_web\ModelBuilder"/>
    <property name="java.endorsed.dirs" value="C:\Program Files\Java\jdk1.6.0_24\jre\lib\endorsed"/>
    <property name="os.arch" value="amd64"/>
    <property name="surefire.real.class.path" value="C:\Users\michael\workspace_web\ModelBuilder\target\surefire\surefirebooter5454444819204789345.jar"/>
    <property name="java.io.tmpdir" value="C:\Users\michael\AppData\Local\Temp\"/>
    <property name="line.separator" value="
"/>
    <property name="java.vm.specification.vendor" value="Sun Microsystems Inc."/>
    <property name="user.variant" value=""/>
    <property name="os.name" value="Windows 7"/>
    <property name="sun.jnu.encoding" value="Cp1252"/>
    <property name="java.library.path" value="C:\Program Files\Java\jdk1.6.0_24\jre\bin;.;C:\Windows\Sun\Java\bin;C:\Windows\system32;C:\Windows;C:\Program Files (x86)\NVIDIA Corporation\PhysX\Common;%CommonProgramFiles%\Microsoft Shared\Windows Live;C:\Program Files (x86)\AMD APP\bin\x86_64;C:\Program Files (x86)\AMD APP\bin\x86;C:\Windows\system32;C:\Windows;C:\Windows\System32\Wbem;C:\Windows\System32\WindowsPowerShell\v1.0\;C:\Program Files (x86)\ATI Technologies\ATI.ACE\Core-Static;C:\Apps;C:\Program Files\Java\jdk1.6.0_24\bin;C:\Program Files\MySQL\MySQL Server 5.5\bin;C:\Program Files\Java\Apache\apache-maven-3.0.3\bin;C:\Program Files\Java\Apache\hadoop-0.20.203.0\bin;c:\Program Files (x86)\Microsoft SQL Server\100\Tools\Binn\;c:\Program Files\Microsoft SQL Server\100\Tools\Binn\;c:\Program Files\Microsoft SQL Server\100\DTS\Binn\;C:\Program Files\Common Files\Microsoft Shared\Windows Live;C:\Program Files (x86)\CVSNT\"/>
    <property name="surefire.test.class.path" value="C:\Users\michael\workspace_web\ModelBuilder\target\test-classes;C:\Users\michael\workspace_web\ModelBuilder\target\classes;C:\Users\michael\.m2\repository\junit\junit\4.10\junit-4.10.jar;C:\Users\michael\.m2\repository\org\hamcrest\hamcrest-core\1.1\hamcrest-core-1.1.jar;"/>
    <property name="java.specification.name" value="Java Platform API Specification"/>
    <property name="java.class.version" value="50.0"/>
    <property name="sun.management.compiler" value="HotSpot 64-Bit Server Compiler"/>
    <property name="os.version" value="6.1"/>
    <property name="user.home" value="C:\Users\michael"/>
    <property name="user.timezone" value=""/>
    <property name="java.awt.printerjob" value="sun.awt.windows.WPrinterJob"/>
    <property name="java.specification.version" value="1.6"/>
    <property name="file.encoding" value="Cp1252"/>
    <property name="user.name" value="michael"/>
    <property name="java.class.path" value="C:\Users\michael\workspace_web\ModelBuilder\target\test-classes;C:\Users\michael\workspace_web\ModelBuilder\target\classes;C:\Users\michael\.m2\repository\junit\junit\4.10\junit-4.10.jar;C:\Users\michael\.m2\repository\org\hamcrest\hamcrest-core\1.1\hamcrest-core-1.1.jar;"/>
    <property name="java.vm.specification.version" value="1.0"/>
    <property name="sun.arch.data.model" value="64"/>
    <property name="java.home" value="C:\Program Files\Java\jdk1.6.0_24\jre"/>
    <property name="java.specification.vendor" value="Sun Microsystems Inc."/>
    <property name="user.language" value="en"/>
    <property name="awt.toolkit" value="sun.awt.windows.WToolkit"/>
    <property name="java.vm.info" value="mixed mode"/>
    <property name="java.version" value="1.6.0_24"/>
    <property name="java.ext.dirs" value="C:\Program Files\Java\jdk1.6.0_24\jre\lib\ext;C:\Windows\Sun\Java\lib\ext"/>
    <property name="sun.boot.class.path" value="C:\Program Files\Java\jdk1.6.0_24\jre\lib\resources.jar;C:\Program Files\Java\jdk1.6.0_24\jre\lib\rt.jar;C:\Program Files\Java\jdk1.6.0_24\jre\lib\sunrsasign.jar;C:\Program Files\Java\jdk1.6.0_24\jre\lib\jsse.jar;C:\Program Files\Java\jdk1.6.0_24\jre\lib\jce.jar;C:\Program Files\Java\jdk1.6.0_24\jre\lib\charsets.jar;C:\Program Files\Java\jdk1.6.0_24\jre\lib\modules\jdk.boot.jar;C:\Program Files\Java\jdk1.6.0_24\jre\classes"/>
    <property name="java.vendor" value="Sun Microsystems Inc."/>
    <property name="localRepository" value="C:\Users\michael\.m2\repository"/>
    <property name="file.separator" value="\"/>
    <property name="java.vendor.url.bug" value="http://java.sun.com/cgi-bin/bugreport.cgi"/>
    <property name="sun.cpu.endian" value="little"/>
    <property name="sun.io.unicode.encoding" value="UnicodeLittle"/>
    <property name="sun.desktop" value="windows"/>
    <property name="sun.cpu.isalist" value="amd64"/>
  </properties>
  <testcase time="0.025" classname="com.knapptech.modelbuilder.TestExistingClassParser" name="testParse"/>
</testsuite>